# JRE version: Java(TM) SE Runtime Environment (8.0_191-b12) (build 1.8.0_191-b12)
# Java VM: Java HotSpot(TM) 64-Bit Server VM (25.191-b12 mixed mode bsd-amd64 compressed oops)
Heap:
 PSYoungGen      total 201728K, used 162451K [0x000000076ab00000, 0x0000000789200000, 0x00000007c0000000)
  eden space 193024K, 83% used [0x000000076ab00000,0x0000000774924c98,0x0000000776780000)
  from space 8704K, 5% used [0x0000000788100000,0x0000000788180000,0x0000000788980000)
  to   space 8192K, 0% used [0x0000000788a00000,0x0000000788a00000,0x0000000789200000)
 ParOldGen       total 175104K, used 4398K [0x00000006c0000000, 0x00000006cab00000, 0x000000076ab00000)
  object space 175104K, 2% used [0x00000006c0000000,0x00000006c044b968,0x00000006cab00000)
 Metaspace       used 20191K, capacity 21388K, committed 21680K, reserved 1069056K
  class space    used 2459K, capacity 2698K, committed 2816K, reserved 1048576K
GC Heap History (10 events):
Event: 9.362 GC heap before
{Heap before GC invocations=16 (full 2):
 PSYoungGen      total 225792K, used 216480K [0x000000076ab00000, 0x000000078a280000, 0x00000007c0000000)
  eden space 216064K, 100% used [0x000000076ab00000,0x0000000777e00000,0x0000000777e00000)
  from space 9728K, 4% used [0x0000000788f80000,0x0000000788fe8000,0x0000000789900000)
  to   space 9216K, 0% used [0x0000000789980000,0x0000000789980000,0x000000078a280000)
 ParOldGen       total 175104K, used 4548K [0x00000006c0000000, 0x00000006cab00000, 0x000000076ab00000)
  object space 175104K, 2% used [0x00000006c0000000,0x00000006c04710e8,0x00000006cab00000)
 Metaspace       used 20102K, capacity 21210K, committed 21296K, reserved 1069056K
  class space    used 2444K, capacity 2679K, committed 2688K, reserved 1048576K
Event: 9.363 GC heap after
Heap after GC invocations=16 (full 2):
 PSYoungGen      total 208384K, used 320K [0x000000076ab00000, 0x0000000789a00000, 0x00000007c0000000)
  eden space 207872K, 0% used [0x000000076ab00000,0x000000076ab00000,0x0000000777600000)
  from space 512K, 62% used [0x0000000789980000,0x00000007899d0000,0x0000000789a00000)
  to   space 9216K, 0% used [0x0000000788800000,0x0000000788800000,0x0000000789100000)
 ParOldGen       total 175104K, used 4580K [0x00000006c0000000, 0x00000006cab00000, 0x000000076ab00000)
  object space 175104K, 2% used [0x00000006c0000000,0x00000006c04790e8,0x00000006cab00000)
 Metaspace       used 20102K, capacity 21210K, committed 21296K, reserved 1069056K
  class space    used 2444K, capacity 2679K, committed 2688K, reserved 1048576K
}
Event: 9.794 GC heap before
{Heap before GC invocations=17 (full 2):
 PSYoungGen      total 208384K, used 208192K [0x000000076ab00000, 0x0000000789a00000, 0x00000007c0000000)
  eden space 207872K, 100% used [0x000000076ab00000,0x0000000777600000,0x0000000777600000)
  from space 512K, 62% used [0x0000000789980000,0x00000007899d0000,0x0000000789a00000)
  to   space 9216K, 0% used [0x0000000788800000,0x0000000788800000,0x0000000789100000)
 ParOldGen       total 175104K, used 4580K [0x00000006c0000000, 0x00000006cab00000, 0x000000076ab00000)
  object space 175104K, 2% used [0x00000006c0000000,0x00000006c04790e8,0x00000006cab00000)
 Metaspace       used 20110K, capacity 21214K, committed 21296K, reserved 1069056K
  class space    used 2444K, capacity 2679K, committed 2688K, reserved 1048576K
Event: 9.795 GC heap after
Heap after GC invocations=17 (full 2):
 PSYoungGen      total 209408K, used 352K [0x000000076ab00000, 0x0000000789a00000, 0x00000007c0000000)
  eden space 200192K, 0% used [0x000000076ab00000,0x000000076ab00000,0x0000000776e80000)
  from space 9216K, 3% used [0x0000000788800000,0x0000000788858000,0x0000000789100000)
  to   space 8704K, 0% used [0x0000000789180000,0x0000000789180000,0x0000000789a00000)
 ParOldGen       total 175104K, used 4604K [0x00000006c0000000, 0x00000006cab00000, 0x000000076ab00000)
  object space 175104K, 2% used [0x00000006c0000000,0x00000006c047f0e8,0x00000006cab00000)
 Metaspace       used 20110K, capacity 21214K, committed 21296K, reserved 1069056K
  class space    used 2444K, capacity 2679K, committed 2688K, reserved 1048576K
}
Event: 10.179 GC heap before
{Heap before GC invocations=18 (full 2):
 PSYoungGen      total 209408K, used 183996K [0x000000076ab00000, 0x0000000789a00000, 0x00000007c0000000)
  eden space 200192K, 91% used [0x000000076ab00000,0x0000000775e572a8,0x0000000776e80000)
  from space 9216K, 3% used [0x0000000788800000,0x0000000788858000,0x0000000789100000)
  to   space 8704K, 0% used [0x0000000789180000,0x0000000789180000,0x0000000789a00000)
 ParOldGen       total 175104K, used 4604K [0x00000006c0000000, 0x00000006cab00000, 0x000000076ab00000)
  object space 175104K, 2% used [0x00000006c0000000,0x00000006c047f0e8,0x00000006cab00000)
 Metaspace       used 20116K, capacity 21218K, committed 21296K, reserved 1069056K
  class space    used 2444K, capacity 2679K, committed 2688K, reserved 1048576K
Event: 10.181 GC heap after
Heap after GC invocations=18 (full 2):
 PSYoungGen      total 200704K, used 352K [0x000000076ab00000, 0x0000000789200000, 0x00000007c0000000)
  eden space 200192K, 0% used [0x000000076ab00000,0x000000076ab00000,0x0000000776e80000)
  from space 512K, 68% used [0x0000000789180000,0x00000007891d8000,0x0000000789200000)
  to   space 8704K, 0% used [0x0000000788100000,0x0000000788100000,0x0000000788980000)
 ParOldGen       total 175104K, used 4636K [0x00000006c0000000, 0x00000006cab00000, 0x000000076ab00000)
  object space 175104K, 2% used [0x00000006c0000000,0x00000006c04870e8,0x00000006cab00000)
 Metaspace       used 20116K, capacity 21218K, committed 21296K, reserved 1069056K
  class space    used 2444K, capacity 2679K, committed 2688K, reserved 1048576K
}
Event: 10.181 GC heap before
{Heap before GC invocations=19 (full 3):
 PSYoungGen      total 200704K, used 352K [0x000000076ab00000, 0x0000000789200000, 0x00000007c0000000)
  eden space 200192K, 0% used [0x000000076ab00000,0x000000076ab00000,0x0000000776e80000)
  from space 512K, 68% used [0x0000000789180000,0x00000007891d8000,0x0000000789200000)
  to   space 8704K, 0% used [0x0000000788100000,0x0000000788100000,0x0000000788980000)
 ParOldGen       total 175104K, used 4636K [0x00000006c0000000, 0x00000006cab00000, 0x000000076ab00000)
  object space 175104K, 2% used [0x00000006c0000000,0x00000006c04870e8,0x00000006cab00000)
 Metaspace       used 20116K, capacity 21218K, committed 21296K, reserved 1069056K
  class space    used 2444K, capacity 2679K, committed 2688K, reserved 1048576K
Event: 10.196 GC heap after
Heap after GC invocations=19 (full 3):
 PSYoungGen      total 200704K, used 0K [0x000000076ab00000, 0x0000000789200000, 0x00000007c0000000)
  eden space 200192K, 0% used [0x000000076ab00000,0x000000076ab00000,0x0000000776e80000)
  from space 512K, 0% used [0x0000000789180000,0x0000000789180000,0x0000000789200000)
  to   space 8704K, 0% used [0x0000000788100000,0x0000000788100000,0x0000000788980000)
 ParOldGen       total 175104K, used 4390K [0x00000006c0000000, 0x00000006cab00000, 0x000000076ab00000)
  object space 175104K, 2% used [0x00000006c0000000,0x00000006c0449968,0x00000006cab00000)
 Metaspace       used 20116K, capacity 21218K, committed 21296K, reserved 1069056K
  class space    used 2444K, capacity 2679K, committed 2688K, reserved 1048576K
}
Event: 10.480 GC heap before
{Heap before GC invocations=20 (full 3):
 PSYoungGen      total 200704K, used 200192K [0x000000076ab00000, 0x0000000789200000, 0x00000007c0000000)
  eden space 200192K, 100% used [0x000000076ab00000,0x0000000776e80000,0x0000000776e80000)
  from space 512K, 0% used [0x0000000789180000,0x0000000789180000,0x0000000789200000)
  to   space 8704K, 0% used [0x0000000788100000,0x0000000788100000,0x0000000788980000)
 ParOldGen       total 175104K, used 4390K [0x00000006c0000000, 0x00000006cab00000, 0x000000076ab00000)
  object space 175104K, 2% used [0x00000006c0000000,0x00000006c0449968,0x00000006cab00000)
 Metaspace       used 20120K, capacity 21282K, committed 21552K, reserved 1069056K
  class space    used 2444K, capacity 2679K, committed 2688K, reserved 1048576K
Event: 10.481 GC heap after
Heap after GC invocations=20 (full 3):
 PSYoungGen      total 201728K, used 512K [0x000000076ab00000, 0x0000000789200000, 0x00000007c0000000)
  eden space 193024K, 0% used [0x000000076ab00000,0x000000076ab00000,0x0000000776780000)
  from space 8704K, 5% used [0x0000000788100000,0x0000000788180000,0x0000000788980000)
  to   space 8192K, 0% used [0x0000000788a00000,0x0000000788a00000,0x0000000789200000)
 ParOldGen       total 175104K, used 4398K [0x00000006c0000000, 0x00000006cab00000, 0x000000076ab00000)
  object space 175104K, 2% used [0x00000006c0000000,0x00000006c044b968,0x00000006cab00000)
 Metaspace       used 20120K, capacity 21282K, committed 21552K, reserved 1069056K
  class space    used 2444K, capacity 2679K, committed 2688K, reserved 1048576K
}

