# JRE version: Java(TM) SE Runtime Environment (8.0_191-b12) (build 1.8.0_191-b12)
# Java VM: Java HotSpot(TM) 64-Bit Server VM (25.191-b12 mixed mode bsd-amd64 compressed oops)
Heap:
 PSYoungGen      total 1247744K, used 302701K [0x000000076ab00000, 0x00000007bde80000, 0x00000007c0000000)
  eden space 1241088K, 24% used [0x000000076ab00000,0x000000077d16b5e8,0x00000007b6700000)
  from space 6656K, 18% used [0x00000007b6700000,0x00000007b6830000,0x00000007b6d80000)
  to   space 6656K, 0% used [0x00000007bd800000,0x00000007bd800000,0x00000007bde80000)
 ParOldGen       total 96768K, used 8044K [0x00000006c0000000, 0x00000006c5e80000, 0x000000076ab00000)
  object space 96768K, 8% used [0x00000006c0000000,0x00000006c07db248,0x00000006c5e80000)
 Metaspace       used 25278K, capacity 27150K, committed 28032K, reserved 1073152K
  class space    used 2934K, capacity 3293K, committed 3456K, reserved 1048576K
GC Heap History (10 events):
Event: 14.524 GC heap before
{Heap before GC invocations=18 (full 1):
 PSYoungGen      total 1244672K, used 226212K [0x000000076ab00000, 0x00000007b7580000, 0x00000007c0000000)
  eden space 1241088K, 17% used [0x000000076ab00000,0x0000000778481268,0x00000007b6700000)
  from space 3584K, 97% used [0x00000007b7200000,0x00000007b7568000,0x00000007b7580000)
  to   space 7168K, 0% used [0x00000007b6780000,0x00000007b6780000,0x00000007b6e80000)
 ParOldGen       total 96768K, used 6850K [0x00000006c0000000, 0x00000006c5e80000, 0x000000076ab00000)
  object space 96768K, 7% used [0x00000006c0000000,0x00000006c06b0ae8,0x00000006c5e80000)
 Metaspace       used 25728K, capacity 27888K, committed 28032K, reserved 1073152K
  class space    used 3003K, capacity 3418K, committed 3456K, reserved 1048576K
Event: 14.527 GC heap after
Heap after GC invocations=18 (full 1):
 PSYoungGen      total 1243648K, used 2560K [0x000000076ab00000, 0x00000007b7400000, 0x00000007c0000000)
  eden space 1241088K, 0% used [0x000000076ab00000,0x000000076ab00000,0x00000007b6700000)
  from space 2560K, 100% used [0x00000007b6780000,0x00000007b6a00000,0x00000007b6a00000)
  to   space 6656K, 0% used [0x00000007b6d80000,0x00000007b6d80000,0x00000007b7400000)
 ParOldGen       total 96768K, used 6858K [0x00000006c0000000, 0x00000006c5e80000, 0x000000076ab00000)
  object space 96768K, 7% used [0x00000006c0000000,0x00000006c06b2ae8,0x00000006c5e80000)
 Metaspace       used 25728K, capacity 27888K, committed 28032K, reserved 1073152K
  class space    used 3003K, capacity 3418K, committed 3456K, reserved 1048576K
}
Event: 14.527 GC heap before
{Heap before GC invocations=19 (full 2):
 PSYoungGen      total 1243648K, used 2560K [0x000000076ab00000, 0x00000007b7400000, 0x00000007c0000000)
  eden space 1241088K, 0% used [0x000000076ab00000,0x000000076ab00000,0x00000007b6700000)
  from space 2560K, 100% used [0x00000007b6780000,0x00000007b6a00000,0x00000007b6a00000)
  to   space 6656K, 0% used [0x00000007b6d80000,0x00000007b6d80000,0x00000007b7400000)
 ParOldGen       total 96768K, used 6858K [0x00000006c0000000, 0x00000006c5e80000, 0x000000076ab00000)
  object space 96768K, 7% used [0x00000006c0000000,0x00000006c06b2ae8,0x00000006c5e80000)
 Metaspace       used 25728K, capacity 27888K, committed 28032K, reserved 1073152K
  class space    used 3003K, capacity 3418K, committed 3456K, reserved 1048576K
Event: 14.577 GC heap after
Heap after GC invocations=19 (full 2):
 PSYoungGen      total 1243648K, used 0K [0x000000076ab00000, 0x00000007b7400000, 0x00000007c0000000)
  eden space 1241088K, 0% used [0x000000076ab00000,0x000000076ab00000,0x00000007b6700000)
  from space 2560K, 0% used [0x00000007b6780000,0x00000007b6780000,0x00000007b6a00000)
  to   space 6656K, 0% used [0x00000007b6d80000,0x00000007b6d80000,0x00000007b7400000)
 ParOldGen       total 96768K, used 7360K [0x00000006c0000000, 0x00000006c5e80000, 0x000000076ab00000)
  object space 96768K, 7% used [0x00000006c0000000,0x00000006c0730240,0x00000006c5e80000)
 Metaspace       used 25256K, capacity 27138K, committed 28032K, reserved 1073152K
  class space    used 2933K, capacity 3293K, committed 3456K, reserved 1048576K
}
Event: 18.123 GC heap before
{Heap before GC invocations=20 (full 2):
 PSYoungGen      total 1243648K, used 1013537K [0x000000076ab00000, 0x00000007b7400000, 0x00000007c0000000)
  eden space 1241088K, 81% used [0x000000076ab00000,0x00000007a88c85e8,0x00000007b6700000)
  from space 2560K, 0% used [0x00000007b6780000,0x00000007b6780000,0x00000007b6a00000)
  to   space 6656K, 0% used [0x00000007b6d80000,0x00000007b6d80000,0x00000007b7400000)
 ParOldGen       total 96768K, used 7360K [0x00000006c0000000, 0x00000006c5e80000, 0x000000076ab00000)
  object space 96768K, 7% used [0x00000006c0000000,0x00000006c0730240,0x00000006c5e80000)
 Metaspace       used 25267K, capacity 27150K, committed 28032K, reserved 1073152K
  class space    used 2934K, capacity 3293K, committed 3456K, reserved 1048576K
Event: 18.126 GC heap after
Heap after GC invocations=20 (full 2):
 PSYoungGen      total 1247744K, used 1632K [0x000000076ab00000, 0x00000007b7400000, 0x00000007c0000000)
  eden space 1241088K, 0% used [0x000000076ab00000,0x000000076ab00000,0x00000007b6700000)
  from space 6656K, 24% used [0x00000007b6d80000,0x00000007b6f18000,0x00000007b7400000)
  to   space 6656K, 0% used [0x00000007b6700000,0x00000007b6700000,0x00000007b6d80000)
 ParOldGen       total 96768K, used 7360K [0x00000006c0000000, 0x00000006c5e80000, 0x000000076ab00000)
  object space 96768K, 7% used [0x00000006c0000000,0x00000006c0730240,0x00000006c5e80000)
 Metaspace       used 25267K, capacity 27150K, committed 28032K, reserved 1073152K
  class space    used 2934K, capacity 3293K, committed 3456K, reserved 1048576K
}
Event: 18.126 GC heap before
{Heap before GC invocations=21 (full 3):
 PSYoungGen      total 1247744K, used 1632K [0x000000076ab00000, 0x00000007b7400000, 0x00000007c0000000)
  eden space 1241088K, 0% used [0x000000076ab00000,0x000000076ab00000,0x00000007b6700000)
  from space 6656K, 24% used [0x00000007b6d80000,0x00000007b6f18000,0x00000007b7400000)
  to   space 6656K, 0% used [0x00000007b6700000,0x00000007b6700000,0x00000007b6d80000)
 ParOldGen       total 96768K, used 7360K [0x00000006c0000000, 0x00000006c5e80000, 0x000000076ab00000)
  object space 96768K, 7% used [0x00000006c0000000,0x00000006c0730240,0x00000006c5e80000)
 Metaspace       used 25267K, capacity 27150K, committed 28032K, reserved 1073152K
  class space    used 2934K, capacity 3293K, committed 3456K, reserved 1048576K
Event: 18.175 GC heap after
Heap after GC invocations=21 (full 3):
 PSYoungGen      total 1247744K, used 0K [0x000000076ab00000, 0x00000007b7400000, 0x00000007c0000000)
  eden space 1241088K, 0% used [0x000000076ab00000,0x000000076ab00000,0x00000007b6700000)
  from space 6656K, 0% used [0x00000007b6d80000,0x00000007b6d80000,0x00000007b7400000)
  to   space 6656K, 0% used [0x00000007b6700000,0x00000007b6700000,0x00000007b6d80000)
 ParOldGen       total 96768K, used 8036K [0x00000006c0000000, 0x00000006c5e80000, 0x000000076ab00000)
  object space 96768K, 8% used [0x00000006c0000000,0x00000006c07d9248,0x00000006c5e80000)
 Metaspace       used 25267K, capacity 27150K, committed 28032K, reserved 1073152K
  class space    used 2934K, capacity 3293K, committed 3456K, reserved 1048576K
}
Event: 21.505 GC heap before
{Heap before GC invocations=22 (full 3):
 PSYoungGen      total 1247744K, used 1241088K [0x000000076ab00000, 0x00000007b7400000, 0x00000007c0000000)
  eden space 1241088K, 100% used [0x000000076ab00000,0x00000007b6700000,0x00000007b6700000)
  from space 6656K, 0% used [0x00000007b6d80000,0x00000007b6d80000,0x00000007b7400000)
  to   space 6656K, 0% used [0x00000007b6700000,0x00000007b6700000,0x00000007b6d80000)
 ParOldGen       total 96768K, used 8036K [0x00000006c0000000, 0x00000006c5e80000, 0x000000076ab00000)
  object space 96768K, 8% used [0x00000006c0000000,0x00000006c07d9248,0x00000006c5e80000)
 Metaspace       used 25277K, capacity 27150K, committed 28032K, reserved 1073152K
  class space    used 2934K, capacity 3293K, committed 3456K, reserved 1048576K
Event: 21.508 GC heap after
Heap after GC invocations=22 (full 3):
 PSYoungGen      total 1247744K, used 1216K [0x000000076ab00000, 0x00000007bde80000, 0x00000007c0000000)
  eden space 1241088K, 0% used [0x000000076ab00000,0x000000076ab00000,0x00000007b6700000)
  from space 6656K, 18% used [0x00000007b6700000,0x00000007b6830000,0x00000007b6d80000)
  to   space 6656K, 0% used [0x00000007bd800000,0x00000007bd800000,0x00000007bde80000)
 ParOldGen       total 96768K, used 8044K [0x00000006c0000000, 0x00000006c5e80000, 0x000000076ab00000)
  object space 96768K, 8% used [0x00000006c0000000,0x00000006c07db248,0x00000006c5e80000)
 Metaspace       used 25277K, capacity 27150K, committed 28032K, reserved 1073152K
  class space    used 2934K, capacity 3293K, committed 3456K, reserved 1048576K
}

